::1 - - [14/Aug/2023:19:47:50 +0000] "GET / HTTP/1.1" 404 139 "-" "Mozilla/5.0 (Windows NT 10.0; Win64; x64) AppleWebKit/537.36 (KHTML, like Gecko) Chrome/115.0.0.0 Safari/537.36"
::1 - - [14/Aug/2023:19:49:40 +0000] "GET / HTTP/1.1" 404 139 "-" "Mozilla/5.0 (Windows NT 10.0; Win64; x64) AppleWebKit/537.36 (KHTML, like Gecko) Chrome/115.0.0.0 Safari/537.36"
::1 - - [14/Aug/2023:19:49:52 +0000] "GET /api HTTP/1.1" 404 142 "-" "Mozilla/5.0 (Windows NT 10.0; Win64; x64) AppleWebKit/537.36 (KHTML, like Gecko) Chrome/115.0.0.0 Safari/537.36"
::1 - - [15/Aug/2023:18:56:15 +0000] "GET / HTTP/1.1" 404 139 "-" "PostmanRuntime/7.32.3"
::1 - - [16/Aug/2023:08:44:20 +0000] "POST / HTTP/1.1" 404 140 "-" "PostmanRuntime/7.32.3"
::1 - - [16/Aug/2023:08:47:30 +0000] "POST / HTTP/1.1" 404 140 "-" "PostmanRuntime/7.32.3"
::1 - - [16/Aug/2023:08:48:27 +0000] "POST /api/ HTTP/1.1" 200 149 "-" "PostmanRuntime/7.32.3"
::1 - - [16/Aug/2023:08:57:13 +0000] "POST /api/ HTTP/1.1" 400 20 "-" "PostmanRuntime/7.32.3"
::1 - - [16/Aug/2023:08:59:05 +0000] "POST /api/ HTTP/1.1" 200 196 "-" "PostmanRuntime/7.32.3"
::1 - - [16/Aug/2023:09:16:13 +0000] "POST /api/login HTTP/1.1" 200 9 "-" "PostmanRuntime/7.32.3"
::1 - - [16/Aug/2023:09:29:36 +0000] "POST /api/login HTTP/1.1" 200 159 "-" "PostmanRuntime/7.32.3"
::1 - - [16/Aug/2023:09:34:11 +0000] "GET /api/ HTTP/1.1" - - "-" "Mozilla/5.0 (Windows NT 10.0; Win64; x64) AppleWebKit/537.36 (KHTML, like Gecko) Chrome/115.0.0.0 Safari/537.36"
::1 - - [16/Aug/2023:09:44:12 +0000] "GET /api/ HTTP/1.1" 401 13 "-" "PostmanRuntime/7.32.3"
::1 - - [16/Aug/2023:09:46:20 +0000] "GET /api/ HTTP/1.1" 200 8 "-" "PostmanRuntime/7.32.3"
::1 - - [17/Aug/2023:07:55:16 +0000] "GET /api/ HTTP/1.1" 401 13 "-" "Mozilla/5.0 (Windows NT 10.0; Win64; x64) AppleWebKit/537.36 (KHTML, like Gecko) Chrome/115.0.0.0 Safari/537.36"
::1 - - [17/Aug/2023:07:55:16 +0000] "GET /favicon.ico HTTP/1.1" 404 150 "http://localhost:8000/api/" "Mozilla/5.0 (Windows NT 10.0; Win64; x64) AppleWebKit/537.36 (KHTML, like Gecko) Chrome/115.0.0.0 Safari/537.36"
::1 - - [17/Aug/2023:08:55:25 +0000] "GET /api/ HTTP/1.1" 200 8 "-" "PostmanRuntime/7.32.3"
::1 - - [17/Aug/2023:08:55:52 +0000] "GET /api/ HTTP/1.1" 401 13 "-" "PostmanRuntime/7.32.3"
::1 - - [17/Aug/2023:08:55:55 +0000] "GET /api/ HTTP/1.1" 200 8 "-" "PostmanRuntime/7.32.3"
::1 - - [17/Aug/2023:08:58:37 +0000] "GET /api/ HTTP/1.1" 500 1431 "-" "PostmanRuntime/7.32.3"
::1 - - [17/Aug/2023:08:59:32 +0000] "GET /api/ HTTP/1.1" 500 1608 "-" "PostmanRuntime/7.32.3"
::1 - - [17/Aug/2023:09:00:04 +0000] "GET /api/ HTTP/1.1" 500 1616 "-" "PostmanRuntime/7.32.3"
::1 - - [17/Aug/2023:09:01:52 +0000] "GET /api/ HTTP/1.1" 200 149 "-" "PostmanRuntime/7.32.3"
::1 - - [17/Aug/2023:09:02:26 +0000] "GET /api/ HTTP/1.1" 200 149 "-" "PostmanRuntime/7.32.3"
::1 - - [17/Aug/2023:09:02:36 +0000] "GET /api/ HTTP/1.1" 500 1436 "-" "PostmanRuntime/7.32.3"
::1 - - [17/Aug/2023:09:02:54 +0000] "GET /api/ HTTP/1.1" 500 1608 "-" "PostmanRuntime/7.32.3"
::1 - - [17/Aug/2023:09:03:05 +0000] "GET /api/ HTTP/1.1" 500 1415 "-" "PostmanRuntime/7.32.3"
::1 - - [17/Aug/2023:09:03:36 +0000] "GET /api/ HTTP/1.1" 500 1616 "-" "PostmanRuntime/7.32.3"
::1 - - [17/Aug/2023:09:04:42 +0000] "GET /api/ HTTP/1.1" 200 8 "-" "PostmanRuntime/7.32.3"
::1 - - [17/Aug/2023:09:04:56 +0000] "GET /api/ HTTP/1.1" 200 8 "-" "PostmanRuntime/7.32.3"
::1 - - [17/Aug/2023:09:06:19 +0000] "GET /api/ HTTP/1.1" 200 8 "-" "PostmanRuntime/7.32.3"
::1 - - [17/Aug/2023:09:06:31 +0000] "GET /api/ HTTP/1.1" 200 8 "-" "PostmanRuntime/7.32.3"
::1 - - [17/Aug/2023:09:07:58 +0000] "GET /api/ HTTP/1.1" 200 8 "-" "PostmanRuntime/7.32.3"
::1 - - [17/Aug/2023:09:08:08 +0000] "GET /api/ HTTP/1.1" 200 8 "-" "PostmanRuntime/7.32.3"
::1 - - [17/Aug/2023:09:08:24 +0000] "GET /api/ HTTP/1.1" 200 8 "-" "PostmanRuntime/7.32.3"
::1 - - [17/Aug/2023:09:08:35 +0000] "GET /api/ HTTP/1.1" 200 8 "-" "PostmanRuntime/7.32.3"
::1 - - [17/Aug/2023:09:09:02 +0000] "GET /api/ HTTP/1.1" 200 8 "-" "PostmanRuntime/7.32.3"
::1 - - [17/Aug/2023:09:11:58 +0000] "POST /api/login HTTP/1.1" 404 149 "-" "PostmanRuntime/7.32.3"
::1 - - [17/Aug/2023:09:12:19 +0000] "POST /api/register HTTP/1.1" 404 152 "-" "PostmanRuntime/7.32.3"
::1 - - [17/Aug/2023:09:12:45 +0000] "POST /api/auth/register HTTP/1.1" 400 20 "-" "PostmanRuntime/7.32.3"
::1 - - [17/Aug/2023:09:12:57 +0000] "POST /api/auth/register HTTP/1.1" 200 186 "-" "PostmanRuntime/7.32.3"
::1 - - [17/Aug/2023:09:14:28 +0000] "POST /api/auth/login HTTP/1.1" 200 182 "-" "PostmanRuntime/7.32.3"
::1 - - [17/Aug/2023:09:15:03 +0000] "GET /api/ HTTP/1.1" 200 8 "-" "PostmanRuntime/7.32.3"
::1 - - [17/Aug/2023:09:15:11 +0000] "GET /api/ HTTP/1.1" 400 13 "-" "PostmanRuntime/7.32.3"
::1 - - [17/Aug/2023:09:15:14 +0000] "GET /api/ HTTP/1.1" 400 13 "-" "PostmanRuntime/7.32.3"
::1 - - [17/Aug/2023:09:15:25 +0000] "GET /api/ HTTP/1.1" 400 13 "-" "PostmanRuntime/7.32.3"
::1 - - [17/Aug/2023:09:16:49 +0000] "GET /api/ HTTP/1.1" 400 13 "-" "PostmanRuntime/7.32.3"
::1 - - [17/Aug/2023:09:18:04 +0000] "POST /api/auth/login HTTP/1.1" 200 182 "-" "PostmanRuntime/7.32.3"
::1 - - [17/Aug/2023:09:18:15 +0000] "GET /api/ HTTP/1.1" 200 8 "-" "PostmanRuntime/7.32.3"
::1 - - [17/Aug/2023:09:18:18 +0000] "GET /api/ HTTP/1.1" 200 8 "-" "PostmanRuntime/7.32.3"
::1 - - [17/Aug/2023:09:18:19 +0000] "GET /api/ HTTP/1.1" 200 8 "-" "PostmanRuntime/7.32.3"
::1 - - [17/Aug/2023:09:18:20 +0000] "GET /api/ HTTP/1.1" 200 8 "-" "PostmanRuntime/7.32.3"
::1 - - [17/Aug/2023:09:18:21 +0000] "GET /api/ HTTP/1.1" 200 8 "-" "PostmanRuntime/7.32.3"
::1 - - [17/Aug/2023:09:18:21 +0000] "GET /api/ HTTP/1.1" 200 8 "-" "PostmanRuntime/7.32.3"
::1 - - [17/Aug/2023:09:18:22 +0000] "GET /api/ HTTP/1.1" 200 8 "-" "PostmanRuntime/7.32.3"
::1 - - [17/Aug/2023:09:18:23 +0000] "GET /api/ HTTP/1.1" 200 8 "-" "PostmanRuntime/7.32.3"
::1 - - [17/Aug/2023:09:18:23 +0000] "GET /api/ HTTP/1.1" 200 8 "-" "PostmanRuntime/7.32.3"
::1 - - [17/Aug/2023:09:18:30 +0000] "GET /api/ HTTP/1.1" 400 13 "-" "PostmanRuntime/7.32.3"
::1 - - [17/Aug/2023:15:23:54 +0000] "GET /api/ HTTP/1.1" 401 13 "-" "Mozilla/5.0 (Windows NT 10.0; Win64; x64) AppleWebKit/537.36 (KHTML, like Gecko) Chrome/115.0.0.0 Safari/537.36"
::1 - - [19/Aug/2023:11:49:04 +0000] "GET / HTTP/1.1" 200 61 "-" "Mozilla/5.0 (Windows NT 10.0; Win64; x64) AppleWebKit/537.36 (KHTML, like Gecko) Chrome/115.0.0.0 Safari/537.36"
::1 - - [19/Aug/2023:11:49:09 +0000] "GET / HTTP/1.1" 200 62 "-" "Mozilla/5.0 (Windows NT 10.0; Win64; x64) AppleWebKit/537.36 (KHTML, like Gecko) Chrome/115.0.0.0 Safari/537.36"
::1 - - [19/Aug/2023:11:49:12 +0000] "GET / HTTP/1.1" 200 62 "-" "Mozilla/5.0 (Windows NT 10.0; Win64; x64) AppleWebKit/537.36 (KHTML, like Gecko) Chrome/115.0.0.0 Safari/537.36"
::1 - - [20/Aug/2023:12:32:29 +0000] "GET / HTTP/1.1" 200 62 "-" "Mozilla/5.0 (Windows NT 10.0; Win64; x64) AppleWebKit/537.36 (KHTML, like Gecko) Chrome/115.0.0.0 Safari/537.36"
::1 - - [20/Aug/2023:12:34:01 +0000] "GET /api/ HTTP/1.1" 400 13 "-" "PostmanRuntime/7.32.3"
::1 - - [20/Aug/2023:12:35:51 +0000] "POST /api/auth/login HTTP/1.1" 200 182 "-" "PostmanRuntime/7.32.3"
::1 - - [20/Aug/2023:12:40:33 +0000] "GET /api/auth/login HTTP/1.1" 404 153 "-" "PostmanRuntime/7.32.3"
::1 - - [20/Aug/2023:12:41:21 +0000] "GET /api/auth/login HTTP/1.1" 404 153 "-" "PostmanRuntime/7.32.3"
::1 - - [20/Aug/2023:12:41:32 +0000] "GET /api/auth/login HTTP/1.1" 404 153 "-" "PostmanRuntime/7.32.3"
::1 - - [20/Aug/2023:12:41:49 +0000] "POST /api/auth/login HTTP/1.1" 200 182 "-" "PostmanRuntime/7.32.3"
::1 - - [20/Aug/2023:12:42:20 +0000] "GET /api/auth/login HTTP/1.1" 400 1107 "-" "PostmanRuntime/7.32.3"
::1 - - [20/Aug/2023:12:42:33 +0000] "GET /api/auth/login HTTP/1.1" 404 153 "-" "PostmanRuntime/7.32.3"
::1 - - [20/Aug/2023:12:43:05 +0000] "POST /api/auth/login HTTP/1.1" 400 14 "-" "PostmanRuntime/7.32.3"
::1 - - [20/Aug/2023:12:43:55 +0000] "POST /api/auth/register HTTP/1.1" 200 190 "-" "PostmanRuntime/7.32.3"
::1 - - [20/Aug/2023:12:44:35 +0000] "POST /api/auth/login HTTP/1.1" 200 182 "-" "PostmanRuntime/7.32.3"
::1 - - [20/Aug/2023:12:53:06 +0000] "POST /api/auth/login HTTP/1.1" 200 182 "-" "PostmanRuntime/7.32.3"
::1 - - [20/Aug/2023:12:53:38 +0000] "GET /api/ HTTP/1.1" 401 13 "-" "PostmanRuntime/7.32.3"
::1 - - [20/Aug/2023:12:54:06 +0000] "POST /api/auth/login HTTP/1.1" 200 182 "-" "PostmanRuntime/7.32.3"
::1 - - [20/Aug/2023:12:54:14 +0000] "GET /api/ HTTP/1.1" 200 8 "-" "PostmanRuntime/7.32.3"
::1 - - [20/Aug/2023:12:54:56 +0000] "GET /api/ HTTP/1.1" 400 13 "-" "PostmanRuntime/7.32.3"
::1 - - [20/Aug/2023:12:54:59 +0000] "POST /api/auth/login HTTP/1.1" 200 182 "-" "PostmanRuntime/7.32.3"
::1 - - [20/Aug/2023:12:55:07 +0000] "GET /api/ HTTP/1.1" 200 8 "-" "PostmanRuntime/7.32.3"
::1 - - [20/Aug/2023:12:55:19 +0000] "GET /api/ HTTP/1.1" 400 13 "-" "PostmanRuntime/7.32.3"
::1 - - [20/Aug/2023:12:56:19 +0000] "GET /api/ HTTP/1.1" 400 13 "-" "PostmanRuntime/7.32.3"
::1 - - [20/Aug/2023:12:56:25 +0000] "POST /api/auth/login HTTP/1.1" 200 182 "-" "PostmanRuntime/7.32.3"
::1 - - [20/Aug/2023:12:56:32 +0000] "GET /api/ HTTP/1.1" 200 8 "-" "PostmanRuntime/7.32.3"
::1 - - [20/Aug/2023:12:56:51 +0000] "GET /api/ HTTP/1.1" 400 13 "-" "PostmanRuntime/7.32.3"
::1 - - [20/Aug/2023:12:56:55 +0000] "POST /api/auth/login HTTP/1.1" 200 182 "-" "PostmanRuntime/7.32.3"
::1 - - [20/Aug/2023:12:57:06 +0000] "GET /api/ HTTP/1.1" 200 8 "-" "PostmanRuntime/7.32.3"
::1 - - [20/Aug/2023:12:57:37 +0000] "GET /api/ HTTP/1.1" 400 13 "-" "PostmanRuntime/7.32.3"
::1 - - [20/Aug/2023:12:57:43 +0000] "POST /api/auth/login HTTP/1.1" 200 182 "-" "PostmanRuntime/7.32.3"
::1 - - [20/Aug/2023:12:57:50 +0000] "GET /api/ HTTP/1.1" 200 8 "-" "PostmanRuntime/7.32.3"
::1 - - [20/Aug/2023:12:58:04 +0000] "GET /api/ HTTP/1.1" 400 13 "-" "PostmanRuntime/7.32.3"
::1 - - [20/Aug/2023:12:59:31 +0000] "GET /api/ HTTP/1.1" 400 13 "-" "PostmanRuntime/7.32.3"
::1 - - [20/Aug/2023:12:59:50 +0000] "GET /api/ HTTP/1.1" 400 13 "-" "PostmanRuntime/7.32.3"
::1 - - [20/Aug/2023:12:59:59 +0000] "GET /api/ HTTP/1.1" 401 13 "-" "PostmanRuntime/7.32.3"
::1 - - [20/Aug/2023:13:00:59 +0000] "GET /api/ HTTP/1.1" 401 13 "-" "PostmanRuntime/7.32.3"
::1 - - [20/Aug/2023:13:01:20 +0000] "GET /api/players HTTP/1.1" 404 150 "-" "PostmanRuntime/7.32.3"
::1 - - [20/Aug/2023:13:02:36 +0000] "GET /api/players/ HTTP/1.1" 404 151 "-" "PostmanRuntime/7.32.3"
::1 - - [20/Aug/2023:13:07:50 +0000] "GET /api/players/ HTTP/1.1" 404 151 "-" "PostmanRuntime/7.32.3"
::1 - - [20/Aug/2023:13:07:53 +0000] "GET /api/players/ HTTP/1.1" 404 151 "-" "PostmanRuntime/7.32.3"
::1 - - [20/Aug/2023:13:09:34 +0000] "GET /api/players/ HTTP/1.1" 404 151 "-" "PostmanRuntime/7.32.3"
::1 - - [20/Aug/2023:13:09:45 +0000] "GET /api/players/ HTTP/1.1" 404 151 "-" "PostmanRuntime/7.32.3"
::1 - - [20/Aug/2023:13:10:48 +0000] "GET /api/players/ HTTP/1.1" 404 151 "-" "PostmanRuntime/7.32.3"
::1 - - [20/Aug/2023:13:12:50 +0000] "GET /api/players/ HTTP/1.1" 404 151 "-" "PostmanRuntime/7.32.3"
::1 - - [20/Aug/2023:14:04:06 +0000] "GET /api/players HTTP/1.1" 404 150 "-" "Mozilla/5.0 (Windows NT 10.0; Win64; x64) AppleWebKit/537.36 (KHTML, like Gecko) Chrome/115.0.0.0 Safari/537.36"
::1 - - [20/Aug/2023:14:05:24 +0000] "GET /api/players HTTP/1.1" 404 150 "-" "Mozilla/5.0 (Windows NT 10.0; Win64; x64) AppleWebKit/537.36 (KHTML, like Gecko) Chrome/115.0.0.0 Safari/537.36"
::1 - - [20/Aug/2023:14:05:30 +0000] "GET /api/players HTTP/1.1" 404 150 "-" "Mozilla/5.0 (Windows NT 10.0; Win64; x64) AppleWebKit/537.36 (KHTML, like Gecko) Chrome/115.0.0.0 Safari/537.36"
::1 - - [20/Aug/2023:14:06:27 +0000] "GET /api/players HTTP/1.1" 404 150 "-" "Mozilla/5.0 (Windows NT 10.0; Win64; x64) AppleWebKit/537.36 (KHTML, like Gecko) Chrome/115.0.0.0 Safari/537.36"
::1 - - [20/Aug/2023:14:07:02 +0000] "GET /api/players HTTP/1.1" 404 150 "-" "Mozilla/5.0 (Windows NT 10.0; Win64; x64) AppleWebKit/537.36 (KHTML, like Gecko) Chrome/115.0.0.0 Safari/537.36"
::1 - - [20/Aug/2023:14:07:06 +0000] "GET / HTTP/1.1" 200 63 "-" "Mozilla/5.0 (Windows NT 10.0; Win64; x64) AppleWebKit/537.36 (KHTML, like Gecko) Chrome/115.0.0.0 Safari/537.36"
::1 - - [20/Aug/2023:14:07:36 +0000] "GET /api/players HTTP/1.1" 404 150 "-" "Mozilla/5.0 (Windows NT 10.0; Win64; x64) AppleWebKit/537.36 (KHTML, like Gecko) Chrome/115.0.0.0 Safari/537.36"
::1 - - [20/Aug/2023:14:07:51 +0000] "GET /api/players HTTP/1.1" 404 150 "-" "Mozilla/5.0 (Windows NT 10.0; Win64; x64) AppleWebKit/537.36 (KHTML, like Gecko) Chrome/115.0.0.0 Safari/537.36"
::1 - - [20/Aug/2023:14:07:58 +0000] "GET /api/players/ HTTP/1.1" 404 151 "-" "Mozilla/5.0 (Windows NT 10.0; Win64; x64) AppleWebKit/537.36 (KHTML, like Gecko) Chrome/115.0.0.0 Safari/537.36"
::1 - - [20/Aug/2023:14:08:08 +0000] "GET /api/players/ HTTP/1.1" 404 151 "-" "Mozilla/5.0 (Windows NT 10.0; Win64; x64) AppleWebKit/537.36 (KHTML, like Gecko) Chrome/115.0.0.0 Safari/537.36"
::1 - - [20/Aug/2023:14:08:14 +0000] "GET /api/players/ HTTP/1.1" 404 151 "-" "PostmanRuntime/7.32.3"
::1 - - [20/Aug/2023:14:08:56 +0000] "GET /api/players/ HTTP/1.1" 404 151 "-" "PostmanRuntime/7.32.3"
::1 - - [20/Aug/2023:14:15:04 +0000] "GET /api/players/ HTTP/1.1" 200 4 "-" "Mozilla/5.0 (Windows NT 10.0; Win64; x64) AppleWebKit/537.36 (KHTML, like Gecko) Chrome/116.0.0.0 Safari/537.36"
::1 - - [20/Aug/2023:14:15:04 +0000] "GET /favicon.ico HTTP/1.1" 404 150 "http://localhost:8000/api/players/" "Mozilla/5.0 (Windows NT 10.0; Win64; x64) AppleWebKit/537.36 (KHTML, like Gecko) Chrome/116.0.0.0 Safari/537.36"
::1 - - [20/Aug/2023:14:15:29 +0000] "GET /api/players/ HTTP/1.1" 200 115 "-" "Mozilla/5.0 (Windows NT 10.0; Win64; x64) AppleWebKit/537.36 (KHTML, like Gecko) Chrome/116.0.0.0 Safari/537.36"
::1 - - [20/Aug/2023:14:17:05 +0000] "GET /api/players/ HTTP/1.1" 401 13 "-" "Mozilla/5.0 (Windows NT 10.0; Win64; x64) AppleWebKit/537.36 (KHTML, like Gecko) Chrome/116.0.0.0 Safari/537.36"
::1 - - [20/Aug/2023:14:17:32 +0000] "GET /api/players/ HTTP/1.1" 401 13 "-" "PostmanRuntime/7.32.3"
::1 - - [20/Aug/2023:14:17:52 +0000] "POST /api/auth/login HTTP/1.1" 200 182 "-" "PostmanRuntime/7.32.3"
::1 - - [20/Aug/2023:14:18:11 +0000] "GET /api/players/ HTTP/1.1" 200 3 "-" "PostmanRuntime/7.32.3"
::1 - - [20/Aug/2023:14:19:17 +0000] "POST /api/auth/login HTTP/1.1" 200 182 "-" "PostmanRuntime/7.32.3"
::1 - - [20/Aug/2023:14:19:25 +0000] "GET /api/players/ HTTP/1.1" 200 3 "-" "PostmanRuntime/7.32.3"
::1 - - [20/Aug/2023:14:19:51 +0000] "GET /api/players/ HTTP/1.1" 200 115 "-" "PostmanRuntime/7.32.3"
::1 - - [20/Aug/2023:14:20:06 +0000] "GET /api/players/ HTTP/1.1" 401 13 "-" "PostmanRuntime/7.32.3"
::1 - - [20/Aug/2023:14:20:09 +0000] "GET /api/players/ HTTP/1.1" 200 115 "-" "PostmanRuntime/7.32.3"
::1 - - [20/Aug/2023:14:21:14 +0000] "GET /api/players/ HTTP/1.1" 200 115 "-" "PostmanRuntime/7.32.3"
::1 - - [20/Aug/2023:14:21:19 +0000] "GET /api/players/ HTTP/1.1" 204 - "-" "PostmanRuntime/7.32.3"
::1 - - [20/Aug/2023:14:21:25 +0000] "GET /api/players/ HTTP/1.1" 201 115 "-" "PostmanRuntime/7.32.3"
::1 - - [20/Aug/2023:14:21:31 +0000] "GET /api/players/ HTTP/1.1" 200 115 "-" "PostmanRuntime/7.32.3"
::1 - - [20/Aug/2023:14:22:17 +0000] "GET /api/players/ HTTP/1.1" 200 384 "-" "PostmanRuntime/7.32.3"
::1 - - [20/Aug/2023:14:22:49 +0000] "GET /api/players/ HTTP/1.1" 200 - "-" "PostmanRuntime/7.32.3"
::1 - - [20/Aug/2023:14:23:10 +0000] "GET /api/players/ HTTP/1.1" 200 174 "-" "PostmanRuntime/7.32.3"
::1 - - [20/Aug/2023:14:23:38 +0000] "GET /api/players/ HTTP/1.1" 200 384 "-" "PostmanRuntime/7.32.3"
::1 - - [20/Aug/2023:14:27:31 +0000] "GET /api/players/ HTTP/1.1" 400 13 "-" "PostmanRuntime/7.32.3"
::1 - - [20/Aug/2023:14:27:36 +0000] "POST /api/auth/login HTTP/1.1" 200 182 "-" "PostmanRuntime/7.32.3"
::1 - - [20/Aug/2023:14:27:42 +0000] "GET /api/players/ HTTP/1.1" 200 - "-" "PostmanRuntime/7.32.3"
::1 - - [20/Aug/2023:14:27:56 +0000] "GET /api/players/ HTTP/1.1" 200 232 "-" "PostmanRuntime/7.32.3"
::1 - - [20/Aug/2023:17:25:46 +0000] "POST /api/auth/login HTTP/1.1" 200 174 "-" "PostmanRuntime/7.32.3"
::1 - - [20/Aug/2023:17:29:57 +0000] "POST /api/auth/login HTTP/1.1" 200 174 "-" "PostmanRuntime/7.32.3"
::1 - - [20/Aug/2023:17:30:51 +0000] "POST /api/auth/login HTTP/1.1" 200 174 "-" "PostmanRuntime/7.32.3"
::1 - - [20/Aug/2023:17:53:48 +0000] "POST /api/auth/login HTTP/1.1" 200 174 "-" "PostmanRuntime/7.32.3"
::1 - - [21/Aug/2023:08:49:08 +0000] "POST /api/auth/login HTTP/1.1" 200 174 "-" "PostmanRuntime/7.32.3"
::1 - - [21/Aug/2023:08:49:44 +0000] "POST /api/auth/login HTTP/1.1" 200 174 "-" "PostmanRuntime/7.32.3"
::1 - - [21/Aug/2023:11:50:17 +0000] "POST /api/auth/login HTTP/1.1" 200 174 "-" "PostmanRuntime/7.32.3"
::1 - - [21/Aug/2023:11:50:55 +0000] "POST /api/auth/login HTTP/1.1" 200 174 "-" "PostmanRuntime/7.32.3"
::1 - - [21/Aug/2023:11:51:48 +0000] "POST /api/auth/login HTTP/1.1" 200 174 "-" "PostmanRuntime/7.32.3"
::1 - - [21/Aug/2023:11:51:51 +0000] "POST /api/auth/login HTTP/1.1" 200 174 "-" "PostmanRuntime/7.32.3"
::1 - - [21/Aug/2023:11:51:51 +0000] "POST /api/auth/login HTTP/1.1" 200 174 "-" "PostmanRuntime/7.32.3"
::1 - - [21/Aug/2023:11:52:06 +0000] "POST /api/auth/login HTTP/1.1" 200 174 "-" "PostmanRuntime/7.32.3"
::1 - - [21/Aug/2023:11:52:43 +0000] "GET /api/players/ HTTP/1.1" 400 13 "-" "PostmanRuntime/7.32.3"
::1 - - [21/Aug/2023:11:53:34 +0000] "GET /api/players/ HTTP/1.1" 401 13 "-" "PostmanRuntime/7.32.3"
::1 - - [21/Aug/2023:11:55:24 +0000] "GET /api/players/ HTTP/1.1" 200 232 "-" "PostmanRuntime/7.32.3"
::1 - - [21/Aug/2023:12:10:29 +0000] "POST /api/auth/register HTTP/1.1" 400 20 "-" "PostmanRuntime/7.32.3"
::1 - - [21/Aug/2023:12:17:07 +0000] "POST /api/auth/register HTTP/1.1" 400 20 "-" "PostmanRuntime/7.32.3"
::1 - - [21/Aug/2023:12:26:04 +0000] "POST /api/auth/register HTTP/1.1" 400 20 "-" "PostmanRuntime/7.32.3"
::1 - - [21/Aug/2023:12:26:13 +0000] "POST /api/auth/register HTTP/1.1" 200 192 "-" "PostmanRuntime/7.32.3"
::1 - - [21/Aug/2023:12:26:39 +0000] "POST /api/auth/register HTTP/1.1" 200 186 "-" "PostmanRuntime/7.32.3"
::1 - - [21/Aug/2023:12:28:33 +0000] "POST /api/auth/register HTTP/1.1" 200 19 "-" "PostmanRuntime/7.32.3"
::1 - - [21/Aug/2023:12:28:52 +0000] "GET /api/players/ HTTP/1.1" 400 13 "-" "PostmanRuntime/7.32.3"
::1 - - [21/Aug/2023:12:30:37 +0000] "GET /api/players/ HTTP/1.1" 400 13 "-" "PostmanRuntime/7.32.3"
::1 - - [21/Aug/2023:12:31:54 +0000] "GET /api/players/ HTTP/1.1" 400 13 "-" "PostmanRuntime/7.32.3"
::1 - - [21/Aug/2023:13:02:56 +0000] "POST /api/auth/register HTTP/1.1" 200 17 "-" "PostmanRuntime/7.32.3"
::1 - - [21/Aug/2023:13:03:48 +0000] "POST /api/auth/register HTTP/1.1" 200 16 "-" "PostmanRuntime/7.32.3"
::1 - - [21/Aug/2023:13:05:17 +0000] "POST /api/auth/register HTTP/1.1" 200 15 "-" "PostmanRuntime/7.32.3"
::1 - - [21/Aug/2023:13:05:46 +0000] "GET /api/players/ HTTP/1.1" 200 232 "-" "PostmanRuntime/7.32.3"
::1 - - [21/Aug/2023:13:06:05 +0000] "GET /api/players/ HTTP/1.1" 200 232 "-" "PostmanRuntime/7.32.3"
::1 - - [21/Aug/2023:13:06:27 +0000] "GET /api/players/ HTTP/1.1" 200 232 "-" "PostmanRuntime/7.32.3"
::1 - - [21/Aug/2023:13:11:25 +0000] "POST /api/auth/register HTTP/1.1" 200 15 "-" "PostmanRuntime/7.32.3"
::1 - - [21/Aug/2023:13:11:34 +0000] "POST /api/auth/register HTTP/1.1" 400 20 "-" "PostmanRuntime/7.32.3"
::1 - - [21/Aug/2023:13:11:50 +0000] "GET /api/players/ HTTP/1.1" 200 232 "-" "PostmanRuntime/7.32.3"
::1 - - [21/Aug/2023:13:18:19 +0000] "GET /api/players/ HTTP/1.1" 401 13 "-" "PostmanRuntime/7.32.3"
::1 - - [21/Aug/2023:13:20:14 +0000] "POST /api/auth/login HTTP/1.1" 200 21 "-" "PostmanRuntime/7.32.3"
::1 - - [21/Aug/2023:13:21:01 +0000] "GET /api/players/ HTTP/1.1" 200 232 "-" "PostmanRuntime/7.32.3"
::1 - - [21/Aug/2023:18:26:19 +0000] "GET /api/players/64e35416a48e90bc695ef13f HTTP/1.1" 404 175 "-" "PostmanRuntime/7.32.3"
::1 - - [21/Aug/2023:18:26:51 +0000] "GET /api/player/64e35416a48e90bc695ef13f HTTP/1.1" 404 174 "-" "PostmanRuntime/7.32.3"
::1 - - [21/Aug/2023:18:28:31 +0000] "GET /api/players/64e35416a48e90bc695ef13f HTTP/1.1" - - "-" "PostmanRuntime/7.32.3"
::1 - - [21/Aug/2023:18:28:32 +0000] "GET /api/players/ HTTP/1.1" 400 13 "-" "PostmanRuntime/7.32.3"
::1 - - [21/Aug/2023:18:28:46 +0000] "POST /api/auth/login HTTP/1.1" 200 21 "-" "PostmanRuntime/7.32.3"
::1 - - [21/Aug/2023:18:28:56 +0000] "GET /api/players/ HTTP/1.1" 200 232 "-" "PostmanRuntime/7.32.3"
::1 - - [21/Aug/2023:18:29:50 +0000] "GET /api/players/64e222bdb00a9ddf9638f539 HTTP/1.1" 200 116 "-" "PostmanRuntime/7.32.3"
::1 - - [21/Aug/2023:18:30:11 +0000] "GET /api/players/64e222bdb00a9ddf9638f539 HTTP/1.1" 200 116 "-" "PostmanRuntime/7.32.3"
::1 - - [21/Aug/2023:18:30:22 +0000] "GET /api/players/64e222bdb00a9ddf9638f539 HTTP/1.1" 401 13 "-" "PostmanRuntime/7.32.3"
::1 - - [22/Aug/2023:06:59:03 +0000] "POST /api/auth/login HTTP/1.1" 200 21 "-" "PostmanRuntime/7.32.3"
::1 - - [22/Aug/2023:06:59:10 +0000] "GET /api/players/64e222bdb00a9ddf9638f539 HTTP/1.1" 200 116 "-" "PostmanRuntime/7.32.3"
::1 - - [22/Aug/2023:09:10:19 +0000] "POST /api/auth/login HTTP/1.1" 200 21 "-" "PostmanRuntime/7.32.3"
::1 - - [22/Aug/2023:09:11:27 +0000] "GET /api/players HTTP/1.1" 200 232 "-" "PostmanRuntime/7.32.3"
::1 - - [22/Aug/2023:09:17:08 +0000] "POST /api/players HTTP/1.1" 400 13 "-" "PostmanRuntime/7.32.3"
::1 - - [22/Aug/2023:09:17:24 +0000] "POST /api/players HTTP/1.1" 400 13 "-" "PostmanRuntime/7.32.3"
::1 - - [22/Aug/2023:09:17:46 +0000] "POST /api/auth/login HTTP/1.1" 200 21 "-" "PostmanRuntime/7.32.3"
::1 - - [22/Aug/2023:09:18:31 +0000] "POST /api/players HTTP/1.1" 204 - "-" "PostmanRuntime/7.32.3"
::1 - - [22/Aug/2023:09:21:08 +0000] "POST /api/players HTTP/1.1" 204 - "-" "PostmanRuntime/7.32.3"
::1 - - [22/Aug/2023:14:28:07 +0000] "POST /api/players/64e47e04f16b6267a80f17d6%22 HTTP/1.1" 404 179 "-" "PostmanRuntime/7.32.3"
::1 - - [22/Aug/2023:14:28:20 +0000] "POST /api/auth/login HTTP/1.1" 200 21 "-" "PostmanRuntime/7.32.3"
::1 - - [22/Aug/2023:14:28:31 +0000] "PUT /api/players/64e47e04f16b6267a80f17d6%22 HTTP/1.1" 400 145 "-" "PostmanRuntime/7.32.3"
::1 - - [22/Aug/2023:14:29:34 +0000] "PUT /api/players/64e47e04f16b6267a80f17d6 HTTP/1.1" 200 - "-" "PostmanRuntime/7.32.3"
::1 - - [22/Aug/2023:14:30:07 +0000] "POST /api/players HTTP/1.1" 204 - "-" "PostmanRuntime/7.32.3"
::1 - - [22/Aug/2023:14:30:29 +0000] "DELETE /api/players/64e4c66facded1e91f07e6c6 HTTP/1.1" 200 99 "-" "PostmanRuntime/7.32.3"
